mode: set
github.com/example/bookstore-operator/controllers/bookstore_controller.go:51.101,58.74 4 0
github.com/example/bookstore-operator/controllers/bookstore_controller.go:58.74,60.29 1 0
github.com/example/bookstore-operator/controllers/bookstore_controller.go:60.29,62.4 1 0
github.com/example/bookstore-operator/controllers/bookstore_controller.go:63.3,64.33 2 0
github.com/example/bookstore-operator/controllers/bookstore_controller.go:67.2,68.16 2 0
github.com/example/bookstore-operator/controllers/bookstore_controller.go:68.16,71.3 2 0
github.com/example/bookstore-operator/controllers/bookstore_controller.go:73.2,73.32 1 0
github.com/example/bookstore-operator/controllers/bookstore_controller.go:77.72,81.2 1 0
github.com/example/bookstore-operator/controllers/bookstore_controller.go:83.108,92.16 6 0
github.com/example/bookstore-operator/controllers/bookstore_controller.go:92.16,93.29 1 0
github.com/example/bookstore-operator/controllers/bookstore_controller.go:93.29,94.63 1 0
github.com/example/bookstore-operator/controllers/bookstore_controller.go:94.63,96.5 1 0
github.com/example/bookstore-operator/controllers/bookstore_controller.go:98.3,99.13 2 0
github.com/example/bookstore-operator/controllers/bookstore_controller.go:100.8,100.84 1 0
github.com/example/bookstore-operator/controllers/bookstore_controller.go:100.84,103.17 3 0
github.com/example/bookstore-operator/controllers/bookstore_controller.go:103.17,105.4 1 0
github.com/example/bookstore-operator/controllers/bookstore_controller.go:106.3,106.49 1 0
github.com/example/bookstore-operator/controllers/bookstore_controller.go:110.2,114.16 5 0
github.com/example/bookstore-operator/controllers/bookstore_controller.go:114.16,115.29 1 0
github.com/example/bookstore-operator/controllers/bookstore_controller.go:115.29,117.60 1 0
github.com/example/bookstore-operator/controllers/bookstore_controller.go:117.60,119.5 1 0
github.com/example/bookstore-operator/controllers/bookstore_controller.go:121.3,122.13 2 0
github.com/example/bookstore-operator/controllers/bookstore_controller.go:123.8,123.78 1 0
github.com/example/bookstore-operator/controllers/bookstore_controller.go:123.78,126.59 3 0
github.com/example/bookstore-operator/controllers/bookstore_controller.go:126.59,128.4 1 0
github.com/example/bookstore-operator/controllers/bookstore_controller.go:129.3,129.46 1 0
github.com/example/bookstore-operator/controllers/bookstore_controller.go:133.2,137.16 5 0
github.com/example/bookstore-operator/controllers/bookstore_controller.go:137.16,138.29 1 0
github.com/example/bookstore-operator/controllers/bookstore_controller.go:138.29,140.58 2 0
github.com/example/bookstore-operator/controllers/bookstore_controller.go:140.58,142.5 1 0
github.com/example/bookstore-operator/controllers/bookstore_controller.go:144.3,145.13 2 0
github.com/example/bookstore-operator/controllers/bookstore_controller.go:146.8,146.74 1 0
github.com/example/bookstore-operator/controllers/bookstore_controller.go:146.74,150.57 4 0
github.com/example/bookstore-operator/controllers/bookstore_controller.go:150.57,152.4 1 0
github.com/example/bookstore-operator/controllers/bookstore_controller.go:153.3,153.48 1 0
github.com/example/bookstore-operator/controllers/bookstore_controller.go:157.2,161.16 5 0
github.com/example/bookstore-operator/controllers/bookstore_controller.go:161.16,162.29 1 0
github.com/example/bookstore-operator/controllers/bookstore_controller.go:162.29,163.58 1 0
github.com/example/bookstore-operator/controllers/bookstore_controller.go:163.58,165.5 1 0
github.com/example/bookstore-operator/controllers/bookstore_controller.go:167.3,167.13 1 0
github.com/example/bookstore-operator/controllers/bookstore_controller.go:168.8,168.74 1 0
github.com/example/bookstore-operator/controllers/bookstore_controller.go:168.74,171.17 3 0
github.com/example/bookstore-operator/controllers/bookstore_controller.go:171.17,173.4 1 0
github.com/example/bookstore-operator/controllers/bookstore_controller.go:174.3,174.44 1 0
github.com/example/bookstore-operator/controllers/bookstore_controller.go:177.2,178.12 2 0
github.com/example/bookstore-operator/controllers/bookstore_controller.go:181.98,203.2 1 0
github.com/example/bookstore-operator/controllers/bookstore_controller.go:205.96,226.2 1 0
github.com/example/bookstore-operator/controllers/bookstore_controller.go:228.100,261.2 2 0
github.com/example/bookstore-operator/controllers/bookstore_controller.go:263.104,299.2 2 0
github.com/example/bookstore-operator/controllers/bookstore_controller.go:301.105,320.2 2 0
github.com/example/bookstore-operator/controllers/bookstore_controller.go:322.81,328.132 4 0
github.com/example/bookstore-operator/controllers/bookstore_controller.go:328.132,330.3 1 0
github.com/example/bookstore-operator/controllers/bookstore_controller.go:332.2,332.89 1 0
github.com/example/bookstore-operator/controllers/bookstore_controller.go:332.89,336.17 4 0
github.com/example/bookstore-operator/controllers/bookstore_controller.go:336.17,339.4 2 0
github.com/example/bookstore-operator/controllers/bookstore_controller.go:340.3,340.56 1 0
github.com/example/bookstore-operator/controllers/bookstore_controller.go:342.2,342.12 1 0
